<?xml version="1.0" encoding="UTF-8"?>
<testsuite name="com.clusus.warehouse.WarehouseApplicationTests" tests="1" skipped="0" failures="0" errors="0" timestamp="2023-08-13T13:29:44" hostname="dewos-HP-Pavilion-Laptop-15-cc1xx" time="0.042">
  <properties/>
  <testcase name="contextLoads()" classname="com.clusus.warehouse.WarehouseApplicationTests" time="0.042"/>
  <system-out><![CDATA[19:14:40.321 [Test worker] DEBUG org.springframework.test.context.BootstrapUtils - Instantiating CacheAwareContextLoaderDelegate from class [org.springframework.test.context.cache.DefaultCacheAwareContextLoaderDelegate]
19:14:40.330 [Test worker] DEBUG org.springframework.test.context.BootstrapUtils - Instantiating BootstrapContext using constructor [public org.springframework.test.context.support.DefaultBootstrapContext(java.lang.Class,org.springframework.test.context.CacheAwareContextLoaderDelegate)]
19:14:40.373 [Test worker] DEBUG org.springframework.test.context.BootstrapUtils - Instantiating TestContextBootstrapper for test class [com.clusus.warehouse.WarehouseApplicationTests] from class [org.springframework.boot.test.context.SpringBootTestContextBootstrapper]
19:14:40.398 [Test worker] INFO org.springframework.boot.test.context.SpringBootTestContextBootstrapper - Neither @ContextConfiguration nor @ContextHierarchy found for test class [com.clusus.warehouse.WarehouseApplicationTests], using SpringBootContextLoader
19:14:40.402 [Test worker] DEBUG org.springframework.test.context.support.AbstractContextLoader - Did not detect default resource location for test class [com.clusus.warehouse.WarehouseApplicationTests]: class path resource [com/clusus/warehouse/WarehouseApplicationTests-context.xml] does not exist
19:14:40.403 [Test worker] DEBUG org.springframework.test.context.support.AbstractContextLoader - Did not detect default resource location for test class [com.clusus.warehouse.WarehouseApplicationTests]: class path resource [com/clusus/warehouse/WarehouseApplicationTestsContext.groovy] does not exist
19:14:40.403 [Test worker] INFO org.springframework.test.context.support.AbstractContextLoader - Could not detect default resource locations for test class [com.clusus.warehouse.WarehouseApplicationTests]: no resource found for suffixes {-context.xml, Context.groovy}.
19:14:40.404 [Test worker] INFO org.springframework.test.context.support.AnnotationConfigContextLoaderUtils - Could not detect default configuration classes for test class [com.clusus.warehouse.WarehouseApplicationTests]: WarehouseApplicationTests does not declare any static, non-private, non-final, nested classes annotated with @Configuration.
19:14:40.500 [Test worker] DEBUG org.springframework.test.context.support.ActiveProfilesUtils - Could not find an 'annotation declaring class' for annotation type [org.springframework.test.context.ActiveProfiles] and class [com.clusus.warehouse.WarehouseApplicationTests]
19:14:40.561 [Test worker] DEBUG org.springframework.context.annotation.ClassPathScanningCandidateComponentProvider - Identified candidate component class: file [/home/dewos/Projects/warehouse/build/classes/java/main/com/clusus/warehouse/WarehouseApplication.class]
19:14:40.562 [Test worker] INFO org.springframework.boot.test.context.SpringBootTestContextBootstrapper - Found @SpringBootConfiguration com.clusus.warehouse.WarehouseApplication for test class com.clusus.warehouse.WarehouseApplicationTests
19:14:40.642 [Test worker] DEBUG org.springframework.boot.test.context.SpringBootTestContextBootstrapper - @TestExecutionListeners is not present for class [com.clusus.warehouse.WarehouseApplicationTests]: using defaults.
19:14:40.642 [Test worker] INFO org.springframework.boot.test.context.SpringBootTestContextBootstrapper - Loaded default TestExecutionListener class names from location [META-INF/spring.factories]: [org.springframework.boot.test.autoconfigure.restdocs.RestDocsTestExecutionListener, org.springframework.boot.test.autoconfigure.web.client.MockRestServiceServerResetTestExecutionListener, org.springframework.boot.test.autoconfigure.web.servlet.MockMvcPrintOnlyOnFailureTestExecutionListener, org.springframework.boot.test.autoconfigure.web.servlet.WebDriverTestExecutionListener, org.springframework.boot.test.autoconfigure.webservices.client.MockWebServiceServerTestExecutionListener, org.springframework.boot.test.mock.mockito.MockitoTestExecutionListener, org.springframework.boot.test.mock.mockito.ResetMocksTestExecutionListener, org.springframework.test.context.web.ServletTestExecutionListener, org.springframework.test.context.support.DirtiesContextBeforeModesTestExecutionListener, org.springframework.test.context.event.ApplicationEventsTestExecutionListener, org.springframework.test.context.support.DependencyInjectionTestExecutionListener, org.springframework.test.context.support.DirtiesContextTestExecutionListener, org.springframework.test.context.transaction.TransactionalTestExecutionListener, org.springframework.test.context.jdbc.SqlScriptsTestExecutionListener, org.springframework.test.context.event.EventPublishingTestExecutionListener]
19:14:40.661 [Test worker] INFO org.springframework.boot.test.context.SpringBootTestContextBootstrapper - Using TestExecutionListeners: [org.springframework.test.context.web.ServletTestExecutionListener@512575e9, org.springframework.test.context.support.DirtiesContextBeforeModesTestExecutionListener@6f1a16fe, org.springframework.test.context.event.ApplicationEventsTestExecutionListener@2373ad99, org.springframework.boot.test.mock.mockito.MockitoTestExecutionListener@33634f04, org.springframework.boot.test.autoconfigure.SpringBootDependencyInjectionTestExecutionListener@4993febc, org.springframework.test.context.support.DirtiesContextTestExecutionListener@7601bc96, org.springframework.test.context.transaction.TransactionalTestExecutionListener@48a0c8aa, org.springframework.test.context.jdbc.SqlScriptsTestExecutionListener@6192a5d5, org.springframework.test.context.event.EventPublishingTestExecutionListener@3722c145, org.springframework.boot.test.autoconfigure.restdocs.RestDocsTestExecutionListener@4cbc2e3b, org.springframework.boot.test.autoconfigure.web.client.MockRestServiceServerResetTestExecutionListener@2975a9e, org.springframework.boot.test.autoconfigure.web.servlet.MockMvcPrintOnlyOnFailureTestExecutionListener@765ffb14, org.springframework.boot.test.autoconfigure.web.servlet.WebDriverTestExecutionListener@57562473, org.springframework.boot.test.autoconfigure.webservices.client.MockWebServiceServerTestExecutionListener@7a360554, org.springframework.boot.test.mock.mockito.ResetMocksTestExecutionListener@424de326]
19:14:40.682 [Test worker] DEBUG org.springframework.test.context.support.AbstractDirtiesContextTestExecutionListener - Before test class: context [DefaultTestContext@7f93dd4e testClass = WarehouseApplicationTests, testInstance = [null], testMethod = [null], testException = [null], mergedContextConfiguration = [WebMergedContextConfiguration@5ad5be4a testClass = WarehouseApplicationTests, locations = '{}', classes = '{class com.clusus.warehouse.WarehouseApplication}', contextInitializerClasses = '[]', activeProfiles = '{}', propertySourceLocations = '{}', propertySourceProperties = '{org.springframework.boot.test.context.SpringBootTestContextBootstrapper=true}', contextCustomizers = set[org.springframework.boot.test.autoconfigure.actuate.metrics.MetricsExportContextCustomizerFactory$DisableMetricExportContextCustomizer@69228e85, org.springframework.boot.test.autoconfigure.properties.PropertyMappingContextCustomizer@0, org.springframework.boot.test.autoconfigure.web.servlet.WebDriverContextCustomizerFactory$Customizer@56913163, org.springframework.boot.test.context.filter.ExcludeFilterContextCustomizer@2b22a1cc, org.springframework.boot.test.json.DuplicateJsonObjectContextCustomizerFactory$DuplicateJsonObjectContextCustomizer@7158daf2, org.springframework.boot.test.mock.mockito.MockitoContextCustomizer@0, org.springframework.boot.test.web.client.TestRestTemplateContextCustomizer@481e91b6, org.springframework.boot.test.context.SpringBootTestArgs@1, org.springframework.boot.test.context.SpringBootTestWebEnvironment@7a3793c7], resourceBasePath = 'src/main/webapp', contextLoader = 'org.springframework.boot.test.context.SpringBootContextLoader', parent = [null]], attributes = map['org.springframework.test.context.web.ServletTestExecutionListener.activateListener' -> true]], class annotated with @DirtiesContext [false] with mode [null].

  .   ____          _            __ _ _
 /\\ / ___'_ __ _ _(_)_ __  __ _ \ \ \ \
( ( )\___ | '_ | '_| | '_ \/ _` | \ \ \ \
 \\/  ___)| |_)| | | | | || (_| |  ) ) ) )
  '  |____| .__|_| |_|_| |_\__, | / / / /
 =========|_|==============|___/=/_/_/_/
 :: Spring Boot ::      (v2.7.15-SNAPSHOT)

2023-08-13 19:14:41.035  INFO 57945 --- [    Test worker] c.c.warehouse.WarehouseApplicationTests  : Starting WarehouseApplicationTests using Java 17.0.7 on dewos-HP-Pavilion-Laptop-15-cc1xx with PID 57945 (started by dewos in /home/dewos/Projects/warehouse)
2023-08-13 19:14:41.036  INFO 57945 --- [    Test worker] c.c.warehouse.WarehouseApplicationTests  : No active profile set, falling back to 1 default profile: "default"
2023-08-13 19:14:41.717  INFO 57945 --- [    Test worker] .s.d.r.c.RepositoryConfigurationDelegate : Bootstrapping Spring Data JPA repositories in DEFAULT mode.
2023-08-13 19:14:41.769  INFO 57945 --- [    Test worker] .s.d.r.c.RepositoryConfigurationDelegate : Finished Spring Data repository scanning in 43 ms. Found 1 JPA repository interfaces.
2023-08-13 19:14:42.342  INFO 57945 --- [    Test worker] com.zaxxer.hikari.HikariDataSource       : HikariPool-1 - Starting...
2023-08-13 19:14:42.545  INFO 57945 --- [    Test worker] com.zaxxer.hikari.HikariDataSource       : HikariPool-1 - Start completed.
2023-08-13 19:14:42.611  INFO 57945 --- [    Test worker] o.hibernate.jpa.internal.util.LogHelper  : HHH000204: Processing PersistenceUnitInfo [name: default]
2023-08-13 19:14:42.663  INFO 57945 --- [    Test worker] org.hibernate.Version                    : HHH000412: Hibernate ORM core version 5.6.15.Final
2023-08-13 19:14:42.727  INFO 57945 --- [    Test worker] o.hibernate.annotations.common.Version   : HCANN000001: Hibernate Commons Annotations {5.1.2.Final}
2023-08-13 19:14:42.873  INFO 57945 --- [    Test worker] org.hibernate.dialect.Dialect            : HHH000400: Using dialect: org.hibernate.dialect.MySQL55Dialect
2023-08-13 19:14:43.346  INFO 57945 --- [    Test worker] o.h.e.t.j.p.i.JtaPlatformInitiator       : HHH000490: Using JtaPlatform implementation: [org.hibernate.engine.transaction.jta.platform.internal.NoJtaPlatform]
2023-08-13 19:14:43.357  INFO 57945 --- [    Test worker] j.LocalContainerEntityManagerFactoryBean : Initialized JPA EntityManagerFactory for persistence unit 'default'
2023-08-13 19:14:44.094  WARN 57945 --- [    Test worker] JpaBaseConfiguration$JpaWebConfiguration : spring.jpa.open-in-view is enabled by default. Therefore, database queries may be performed during view rendering. Explicitly configure spring.jpa.open-in-view to disable this warning
2023-08-13 19:14:44.863  INFO 57945 --- [    Test worker] c.c.warehouse.WarehouseApplicationTests  : Started WarehouseApplicationTests in 4.143 seconds (JVM running for 7.541)
]]></system-out>
  <system-err><![CDATA[]]></system-err>
</testsuite>
