<?xml version="1.0" encoding="UTF-8"?>
<testsuite name="com.clusus.warehouse.FxDealServiceTest" tests="4" skipped="0" failures="0" errors="0" timestamp="2023-08-13T13:29:40" hostname="dewos-HP-Pavilion-Laptop-15-cc1xx" time="0.199">
  <properties/>
  <testcase name="testGetAllFxDeals()" classname="com.clusus.warehouse.FxDealServiceTest" time="0.15"/>
  <testcase name="testFindByDealUniqueId()" classname="com.clusus.warehouse.FxDealServiceTest" time="0.005"/>
  <testcase name="testSaveFxDeal()" classname="com.clusus.warehouse.FxDealServiceTest" time="0.03"/>
  <testcase name="testSaveFxDealList()" classname="com.clusus.warehouse.FxDealServiceTest" time="0.008"/>
  <system-out><![CDATA[19:14:40.220 [Test worker] INFO com.clusus.warehouse.services.FxDealService - Getting the fxDeal list.
19:14:40.229 [Test worker] INFO com.clusus.warehouse.services.FxDealService - Getting the fxDeal by id : 123
19:14:40.236 [Test worker] INFO com.clusus.warehouse.services.FxDealService - Saving the fxDeal : FxDeal{id=null, dealUniqueId='123', fromCurrencyIsoCode='USD', toCurrencyIsoCode='EUR', dealTimestamp=123456789, dealAmount=100.00}
19:14:40.270 [Test worker] INFO com.clusus.warehouse.services.FxDealService - Saving the fxDealList : [FxDeal{id=null, dealUniqueId='123', fromCurrencyIsoCode='USD', toCurrencyIsoCode='EUR', dealTimestamp=123456789, dealAmount=100.00}, FxDeal{id=null, dealUniqueId='456', fromCurrencyIsoCode='GBP', toCurrencyIsoCode='JPY', dealTimestamp=987654321, dealAmount=200.00}]
19:14:40.271 [Test worker] INFO com.clusus.warehouse.services.FxDealService - Saving the fxDeal : FxDeal{id=null, dealUniqueId='123', fromCurrencyIsoCode='USD', toCurrencyIsoCode='EUR', dealTimestamp=123456789, dealAmount=100.00}
19:14:40.272 [Test worker] INFO com.clusus.warehouse.services.FxDealService - Saving the fxDeal : FxDeal{id=null, dealUniqueId='456', fromCurrencyIsoCode='GBP', toCurrencyIsoCode='JPY', dealTimestamp=987654321, dealAmount=200.00}
]]></system-out>
  <system-err><![CDATA[]]></system-err>
</testsuite>
