<?xml version="1.0" encoding="UTF-8"?>
<testsuite name="com.clusus.warehouse.FxDealServiceTest" tests="4" skipped="0" failures="0" errors="0" timestamp="2023-08-13T12:15:34" hostname="dewos-HP-Pavilion-Laptop-15-cc1xx" time="0.108">
  <properties/>
  <testcase name="testGetAllFxDeals()" classname="com.clusus.warehouse.FxDealServiceTest" time="0.076"/>
  <testcase name="testFindByDealUniqueId()" classname="com.clusus.warehouse.FxDealServiceTest" time="0.003"/>
  <testcase name="testSaveFxDeal()" classname="com.clusus.warehouse.FxDealServiceTest" time="0.02"/>
  <testcase name="testSaveFxDealList()" classname="com.clusus.warehouse.FxDealServiceTest" time="0.004"/>
  <system-out><![CDATA[18:00:34.770 [Test worker] INFO com.clusus.warehouse.services.FxDealService - Getting the fxDeal list.
18:00:34.776 [Test worker] INFO com.clusus.warehouse.services.FxDealService - Getting the fxDeal by id : 123
18:00:34.781 [Test worker] INFO com.clusus.warehouse.services.FxDealService - Saving the fxDeal : FxDeal{id=null, dealUniqueId='123', fromCurrencyIsoCode='USD', toCurrencyIsoCode='EUR', dealTimestamp=123456789, dealAmount=100.00}
18:00:34.803 [Test worker] INFO com.clusus.warehouse.services.FxDealService - Saving the fxDealList : [FxDeal{id=null, dealUniqueId='123', fromCurrencyIsoCode='USD', toCurrencyIsoCode='EUR', dealTimestamp=123456789, dealAmount=100.00}, FxDeal{id=null, dealUniqueId='456', fromCurrencyIsoCode='GBP', toCurrencyIsoCode='JPY', dealTimestamp=987654321, dealAmount=200.00}]
18:00:34.803 [Test worker] INFO com.clusus.warehouse.services.FxDealService - Saving the fxDeal : FxDeal{id=null, dealUniqueId='123', fromCurrencyIsoCode='USD', toCurrencyIsoCode='EUR', dealTimestamp=123456789, dealAmount=100.00}
18:00:34.803 [Test worker] INFO com.clusus.warehouse.services.FxDealService - Saving the fxDeal : FxDeal{id=null, dealUniqueId='456', fromCurrencyIsoCode='GBP', toCurrencyIsoCode='JPY', dealTimestamp=987654321, dealAmount=200.00}
]]></system-out>
  <system-err><![CDATA[]]></system-err>
</testsuite>
