<?xml version="1.0" encoding="UTF-8"?>
<testsuite name="com.clusus.warehouse.FxDealControllerTest" tests="5" skipped="0" failures="0" errors="0" timestamp="2023-08-13T13:29:38" hostname="dewos-HP-Pavilion-Laptop-15-cc1xx" time="1.468">
  <properties/>
  <testcase name="testCreateFxDeal()" classname="com.clusus.warehouse.FxDealControllerTest" time="1.445"/>
  <testcase name="testCreateFxDealList()" classname="com.clusus.warehouse.FxDealControllerTest" time="0.005"/>
  <testcase name="testGetFxDeal()" classname="com.clusus.warehouse.FxDealControllerTest" time="0.003"/>
  <testcase name="testGetFxDealList()" classname="com.clusus.warehouse.FxDealControllerTest" time="0.004"/>
  <testcase name="testGetFxDealNotFound()" classname="com.clusus.warehouse.FxDealControllerTest" time="0.003"/>
  <system-out><![CDATA[]]></system-out>
  <system-err><![CDATA[]]></system-err>
</testsuite>
