<?xml version="1.0" encoding="UTF-8"?>
<testsuite name="com.clusus.warehouse.WarehouseApplicationTests" tests="1" skipped="0" failures="0" errors="0" timestamp="2023-08-13T12:15:38" hostname="dewos-HP-Pavilion-Laptop-15-cc1xx" time="0.009">
  <properties/>
  <testcase name="contextLoads()" classname="com.clusus.warehouse.WarehouseApplicationTests" time="0.009"/>
  <system-out><![CDATA[18:00:34.837 [Test worker] DEBUG org.springframework.test.context.BootstrapUtils - Instantiating CacheAwareContextLoaderDelegate from class [org.springframework.test.context.cache.DefaultCacheAwareContextLoaderDelegate]
18:00:34.844 [Test worker] DEBUG org.springframework.test.context.BootstrapUtils - Instantiating BootstrapContext using constructor [public org.springframework.test.context.support.DefaultBootstrapContext(java.lang.Class,org.springframework.test.context.CacheAwareContextLoaderDelegate)]
18:00:34.876 [Test worker] DEBUG org.springframework.test.context.BootstrapUtils - Instantiating TestContextBootstrapper for test class [com.clusus.warehouse.WarehouseApplicationTests] from class [org.springframework.boot.test.context.SpringBootTestContextBootstrapper]
18:00:34.883 [Test worker] INFO org.springframework.boot.test.context.SpringBootTestContextBootstrapper - Neither @ContextConfiguration nor @ContextHierarchy found for test class [com.clusus.warehouse.WarehouseApplicationTests], using SpringBootContextLoader
18:00:34.886 [Test worker] DEBUG org.springframework.test.context.support.AbstractContextLoader - Did not detect default resource location for test class [com.clusus.warehouse.WarehouseApplicationTests]: class path resource [com/clusus/warehouse/WarehouseApplicationTests-context.xml] does not exist
18:00:34.886 [Test worker] DEBUG org.springframework.test.context.support.AbstractContextLoader - Did not detect default resource location for test class [com.clusus.warehouse.WarehouseApplicationTests]: class path resource [com/clusus/warehouse/WarehouseApplicationTestsContext.groovy] does not exist
18:00:34.886 [Test worker] INFO org.springframework.test.context.support.AbstractContextLoader - Could not detect default resource locations for test class [com.clusus.warehouse.WarehouseApplicationTests]: no resource found for suffixes {-context.xml, Context.groovy}.
18:00:34.887 [Test worker] INFO org.springframework.test.context.support.AnnotationConfigContextLoaderUtils - Could not detect default configuration classes for test class [com.clusus.warehouse.WarehouseApplicationTests]: WarehouseApplicationTests does not declare any static, non-private, non-final, nested classes annotated with @Configuration.
18:00:34.983 [Test worker] DEBUG org.springframework.test.context.support.ActiveProfilesUtils - Could not find an 'annotation declaring class' for annotation type [org.springframework.test.context.ActiveProfiles] and class [com.clusus.warehouse.WarehouseApplicationTests]
18:00:35.033 [Test worker] DEBUG org.springframework.context.annotation.ClassPathScanningCandidateComponentProvider - Identified candidate component class: file [/home/dewos/Projects/warehouse/build/classes/java/main/com/clusus/warehouse/WarehouseApplication.class]
18:00:35.034 [Test worker] INFO org.springframework.boot.test.context.SpringBootTestContextBootstrapper - Found @SpringBootConfiguration com.clusus.warehouse.WarehouseApplication for test class com.clusus.warehouse.WarehouseApplicationTests
18:00:35.167 [Test worker] DEBUG org.springframework.boot.test.context.SpringBootTestContextBootstrapper - @TestExecutionListeners is not present for class [com.clusus.warehouse.WarehouseApplicationTests]: using defaults.
18:00:35.168 [Test worker] INFO org.springframework.boot.test.context.SpringBootTestContextBootstrapper - Loaded default TestExecutionListener class names from location [META-INF/spring.factories]: [org.springframework.boot.test.autoconfigure.restdocs.RestDocsTestExecutionListener, org.springframework.boot.test.autoconfigure.web.client.MockRestServiceServerResetTestExecutionListener, org.springframework.boot.test.autoconfigure.web.servlet.MockMvcPrintOnlyOnFailureTestExecutionListener, org.springframework.boot.test.autoconfigure.web.servlet.WebDriverTestExecutionListener, org.springframework.boot.test.autoconfigure.webservices.client.MockWebServiceServerTestExecutionListener, org.springframework.boot.test.mock.mockito.MockitoTestExecutionListener, org.springframework.boot.test.mock.mockito.ResetMocksTestExecutionListener, org.springframework.test.context.web.ServletTestExecutionListener, org.springframework.test.context.support.DirtiesContextBeforeModesTestExecutionListener, org.springframework.test.context.event.ApplicationEventsTestExecutionListener, org.springframework.test.context.support.DependencyInjectionTestExecutionListener, org.springframework.test.context.support.DirtiesContextTestExecutionListener, org.springframework.test.context.transaction.TransactionalTestExecutionListener, org.springframework.test.context.jdbc.SqlScriptsTestExecutionListener, org.springframework.test.context.event.EventPublishingTestExecutionListener]
18:00:35.189 [Test worker] INFO org.springframework.boot.test.context.SpringBootTestContextBootstrapper - Using TestExecutionListeners: [org.springframework.test.context.web.ServletTestExecutionListener@4fc142ec, org.springframework.test.context.support.DirtiesContextBeforeModesTestExecutionListener@34b27915, org.springframework.test.context.event.ApplicationEventsTestExecutionListener@29eda4f8, org.springframework.boot.test.mock.mockito.MockitoTestExecutionListener@1b9776f5, org.springframework.boot.test.autoconfigure.SpringBootDependencyInjectionTestExecutionListener@5e048149, org.springframework.test.context.support.DirtiesContextTestExecutionListener@79d9214d, org.springframework.test.context.transaction.TransactionalTestExecutionListener@3d5790ea, org.springframework.test.context.jdbc.SqlScriptsTestExecutionListener@1dd7796b, org.springframework.test.context.event.EventPublishingTestExecutionListener@67a3bd51, org.springframework.boot.test.autoconfigure.restdocs.RestDocsTestExecutionListener@57402ba1, org.springframework.boot.test.autoconfigure.web.client.MockRestServiceServerResetTestExecutionListener@56913163, org.springframework.boot.test.autoconfigure.web.servlet.MockMvcPrintOnlyOnFailureTestExecutionListener@702b06fb, org.springframework.boot.test.autoconfigure.web.servlet.WebDriverTestExecutionListener@a18649a, org.springframework.boot.test.autoconfigure.webservices.client.MockWebServiceServerTestExecutionListener@5c534b5b, org.springframework.boot.test.mock.mockito.ResetMocksTestExecutionListener@396639b]
18:00:35.191 [Test worker] DEBUG org.springframework.test.context.support.AbstractDirtiesContextTestExecutionListener - Before test class: context [DefaultTestContext@1daf3b44 testClass = WarehouseApplicationTests, testInstance = [null], testMethod = [null], testException = [null], mergedContextConfiguration = [WebMergedContextConfiguration@7fd8c559 testClass = WarehouseApplicationTests, locations = '{}', classes = '{class com.clusus.warehouse.WarehouseApplication}', contextInitializerClasses = '[]', activeProfiles = '{}', propertySourceLocations = '{}', propertySourceProperties = '{org.springframework.boot.test.context.SpringBootTestContextBootstrapper=true}', contextCustomizers = set[org.springframework.boot.test.autoconfigure.actuate.metrics.MetricsExportContextCustomizerFactory$DisableMetricExportContextCustomizer@66bacdbc, org.springframework.boot.test.autoconfigure.properties.PropertyMappingContextCustomizer@0, org.springframework.boot.test.autoconfigure.web.servlet.WebDriverContextCustomizerFactory$Customizer@1cc9cfb2, org.springframework.boot.test.context.filter.ExcludeFilterContextCustomizer@14379273, org.springframework.boot.test.json.DuplicateJsonObjectContextCustomizerFactory$DuplicateJsonObjectContextCustomizer@bc4d5e1, org.springframework.boot.test.mock.mockito.MockitoContextCustomizer@0, org.springframework.boot.test.web.client.TestRestTemplateContextCustomizer@69da0b12, org.springframework.boot.test.context.SpringBootTestArgs@1, org.springframework.boot.test.context.SpringBootTestWebEnvironment@3c947bc5], resourceBasePath = 'src/main/webapp', contextLoader = 'org.springframework.boot.test.context.SpringBootContextLoader', parent = [null]], attributes = map['org.springframework.test.context.web.ServletTestExecutionListener.activateListener' -> true]], class annotated with @DirtiesContext [false] with mode [null].

  .   ____          _            __ _ _
 /\\ / ___'_ __ _ _(_)_ __  __ _ \ \ \ \
( ( )\___ | '_ | '_| | '_ \/ _` | \ \ \ \
 \\/  ___)| |_)| | | | | || (_| |  ) ) ) )
  '  |____| .__|_| |_|_| |_\__, | / / / /
 =========|_|==============|___/=/_/_/_/
 :: Spring Boot ::      (v2.7.15-SNAPSHOT)

2023-08-13 18:00:35.488  INFO 48299 --- [    Test worker] c.c.warehouse.WarehouseApplicationTests  : Starting WarehouseApplicationTests using Java 17.0.8 on dewos-HP-Pavilion-Laptop-15-cc1xx with PID 48299 (started by dewos in /home/dewos/Projects/warehouse)
2023-08-13 18:00:35.489  INFO 48299 --- [    Test worker] c.c.warehouse.WarehouseApplicationTests  : No active profile set, falling back to 1 default profile: "default"
2023-08-13 18:00:36.179  INFO 48299 --- [    Test worker] .s.d.r.c.RepositoryConfigurationDelegate : Bootstrapping Spring Data JPA repositories in DEFAULT mode.
2023-08-13 18:00:36.222  INFO 48299 --- [    Test worker] .s.d.r.c.RepositoryConfigurationDelegate : Finished Spring Data repository scanning in 35 ms. Found 1 JPA repository interfaces.
2023-08-13 18:00:36.709  INFO 48299 --- [    Test worker] com.zaxxer.hikari.HikariDataSource       : HikariPool-1 - Starting...
2023-08-13 18:00:36.949  INFO 48299 --- [    Test worker] com.zaxxer.hikari.HikariDataSource       : HikariPool-1 - Start completed.
2023-08-13 18:00:36.996  INFO 48299 --- [    Test worker] o.hibernate.jpa.internal.util.LogHelper  : HHH000204: Processing PersistenceUnitInfo [name: default]
2023-08-13 18:00:37.032  INFO 48299 --- [    Test worker] org.hibernate.Version                    : HHH000412: Hibernate ORM core version 5.6.15.Final
2023-08-13 18:00:37.066  INFO 48299 --- [    Test worker] o.hibernate.annotations.common.Version   : HCANN000001: Hibernate Commons Annotations {5.1.2.Final}
2023-08-13 18:00:37.162  INFO 48299 --- [    Test worker] org.hibernate.dialect.Dialect            : HHH000400: Using dialect: org.hibernate.dialect.MySQL55Dialect
2023-08-13 18:00:37.491  INFO 48299 --- [    Test worker] o.h.e.t.j.p.i.JtaPlatformInitiator       : HHH000490: Using JtaPlatform implementation: [org.hibernate.engine.transaction.jta.platform.internal.NoJtaPlatform]
2023-08-13 18:00:37.499  INFO 48299 --- [    Test worker] j.LocalContainerEntityManagerFactoryBean : Initialized JPA EntityManagerFactory for persistence unit 'default'
2023-08-13 18:00:37.963  WARN 48299 --- [    Test worker] JpaBaseConfiguration$JpaWebConfiguration : spring.jpa.open-in-view is enabled by default. Therefore, database queries may be performed during view rendering. Explicitly configure spring.jpa.open-in-view to disable this warning
2023-08-13 18:00:38.501  INFO 48299 --- [    Test worker] c.c.warehouse.WarehouseApplicationTests  : Started WarehouseApplicationTests in 3.261 seconds (JVM running for 5.339)
]]></system-out>
  <system-err><![CDATA[]]></system-err>
</testsuite>
